<?xml version="1.0" encoding="UTF-8"?>
<!-- Generated by org.testng.reporters.JUnitReportReporter -->
<testsuite hostname="SubZero" failures="0" tests="4" name="com.test.TestNGFeatures" time="0.013" errors="0" timestamp="2021-07-26T12:01:34 IST" skipped="0">
  <testcase classname="com.test.TestNGFeatures" name="regPageTest" time="0.010"/>
  <system-out/>
  <testcase classname="com.test.TestNGFeatures" name="homePageTest" time="0.001"/>
  <system-out/>
  <testcase classname="com.test.TestNGFeatures" name="loginTest" time="0.001"/>
  <system-out/>
  <testcase classname="com.test.TestNGFeatures" name="searchPageTest" time="0.001"/>
  <system-out/>
</testsuite> <!-- com.test.TestNGFeatures -->
