<?xml version="1.0" encoding="UTF-8"?>
<!-- Generated by org.testng.reporters.JUnitReportReporter -->
<testsuite hostname="SubZero" failures="0" tests="1" name="com.test.TimeOutTest" time="0.015" errors="0" timestamp="2021-07-25T22:36:22 IST" skipped="0">
  <testcase classname="com.test.TimeOutTest" name="numberFormat" time="0.015"/>
  <system-out/>
</testsuite> <!-- com.test.TimeOutTest -->
