<?xml version="1.0" encoding="UTF-8"?>
<!-- Generated by org.testng.reporters.JUnitReportReporter -->
<testsuite hostname="SubZero" failures="0" tests="2" name="com.test.GoogleTitleTest" time="4.792" errors="0" timestamp="2021-07-26T12:01:34 IST" skipped="0">
  <testcase classname="com.test.GoogleTitleTest" name="googleTitleTest" time="2.385"/>
  <system-out/>
  <testcase classname="com.test.GoogleTitleTest" name="googleLogoTest" time="2.407"/>
  <system-out/>
</testsuite> <!-- com.test.GoogleTitleTest -->
