<?xml version="1.0" encoding="UTF-8"?>
<!-- Generated by org.testng.reporters.JUnitReportReporter -->
<testsuite hostname="SubZero" failures="0" tests="3" name="com.test.TestNGbasics" time="0.006" errors="0" timestamp="2021-07-26T12:01:34 IST" skipped="0">
  <testcase classname="com.test.TestNGbasics" name="searchTest" time="0.001"/>
  <system-out/>
  <testcase classname="com.test.TestNGbasics" name="googleTitleTest" time="0.002"/>
  <system-out/>
  <testcase classname="com.test.TestNGbasics" name="googleLogoTest" time="0.003"/>
  <system-out/>
</testsuite> <!-- com.test.TestNGbasics -->
