<?xml version="1.0" encoding="UTF-8"?>
<!-- Generated by org.testng.reporters.JUnitReportReporter -->
<testsuite hostname="SubZero" failures="0" tests="1" name="com.test.ExceptionsTimeOutTest" time="0.006" errors="0" timestamp="2021-07-26T12:01:34 IST" skipped="0">
  <testcase classname="com.test.ExceptionsTimeOutTest" name="numberFormat" time="0.006"/>
  <system-out/>
</testsuite> <!-- com.test.ExceptionsTimeOutTest -->
